<?xml version="1.0" encoding="utf-8"?><testsuites name="pytest tests"><testsuite name="pytest" errors="0" failures="0" skipped="0" tests="3" time="0.963" timestamp="2026-05-30T15:53:00.018175+00:00" hostname="agent-env-47842b25-8891-449e-86df-123393dab526"><testcase classname="backend.tests.test_share_pdf_export.TestPdfExport" name="test_export_pdf_returns_base64" time="0.678" /><testcase classname="backend.tests.test_share_pdf_export.TestPdfExport" name="test_export_pdf_invalid_doc_returns_404" time="0.112" /><testcase classname="backend.tests.test_share_pdf_export.TestDocumentList" name="test_list_documents_ok" time="0.124" /></testsuite></testsuites>