<?xml version="1.0" encoding="utf-8"?><testsuites name="pytest tests"><testsuite name="pytest" errors="0" failures="0" skipped="0" tests="11" time="6.898" timestamp="2026-03-05T08:38:36.438532+00:00" hostname="agent-env-86d07bf8-238f-4ac4-a8a0-9837cc9572b1"><testcase classname="backend.tests.test_docscan.TestStats" name="test_stats_returns_200" time="0.218" /><testcase classname="backend.tests.test_docscan.TestStats" name="test_stats_has_required_fields" time="0.139" /><testcase classname="backend.tests.test_docscan.TestStats" name="test_stats_total_scans_is_int" time="0.105" /><testcase classname="backend.tests.test_docscan.TestDocuments" name="test_list_documents_returns_200" time="0.131" /><testcase classname="backend.tests.test_docscan.TestDocuments" name="test_list_documents_returns_array" time="0.110" /><testcase classname="backend.tests.test_docscan.TestDocuments" name="test_create_document" time="0.248" /><testcase classname="backend.tests.test_docscan.TestDocuments" name="test_created_document_appears_in_list" time="0.324" /><testcase classname="backend.tests.test_docscan.TestDocuments" name="test_delete_document" time="0.186" /><testcase classname="backend.tests.test_docscan.TestDocuments" name="test_delete_nonexistent_returns_404" time="0.098" /><testcase classname="backend.tests.test_docscan.TestScanEndpoint" name="test_scan_endpoint_exists" time="0.107" /><testcase classname="backend.tests.test_docscan.TestScanEndpoint" name="test_scan_with_invalid_base64_returns_error" time="5.166" /></testsuite></testsuites>